/*C425*/SET SCHEMA PUBLIC
CONNECT USER SA
DELETE FROM IPS_JNL_TODAY WHERE "LOCALJNLNO"='20000001'
DISCONNECT
/*C426*/SET SCHEMA PUBLIC
CONNECT USER SA
DISCONNECT
/*C427*/SET SCHEMA PUBLIC
CONNECT USER SA
DISCONNECT
/*C428*/SET SCHEMA PUBLIC
CONNECT USER SA
DISCONNECT
/*C429*/SET SCHEMA PUBLIC
CONNECT USER SA
DISCONNECT
/*C430*/SET SCHEMA PUBLIC
CONNECT USER SA
DISCONNECT
/*C431*/SET SCHEMA PUBLIC
CONNECT USER SA
DISCONNECT
/*C432*/SET SCHEMA PUBLIC
CONNECT USER SA
DISCONNECT
/*C433*/SET SCHEMA PUBLIC
CONNECT USER SA
DISCONNECT
/*C434*/SET SCHEMA PUBLIC
CONNECT USER SA
DISCONNECT
/*C435*/SET SCHEMA PUBLIC
CONNECT USER SA
DISCONNECT
/*C436*/SET SCHEMA PUBLIC
CONNECT USER SA
DISCONNECT
/*C437*/SET SCHEMA PUBLIC
CONNECT USER SA
INSERT INTO IPS_JNL_TODAY VALUES('20000001','20090724102444','0004','3','000','10','0820','160400','00012576','','00','00','000000','','','','00','00','000000','','','','10000021','','','','085216','20090720','','','','','','','','','','','','','0','0','0','1','1','121070',NULL,NULL,'','','','1','1','1','','2009','07','24')
DISCONNECT
/*C438*/SET SCHEMA PUBLIC
CONNECT USER SA
DISCONNECT
/*C439*/SET SCHEMA PUBLIC
CONNECT USER SA
DISCONNECT
/*C440*/SET SCHEMA PUBLIC
CONNECT USER SA
DISCONNECT
/*C441*/SET SCHEMA PUBLIC
CONNECT USER SA
SET AUTOCOMMIT FALSE
DELETE FROM IPS_KEY_MNG WHERE PLATFORMID='1003' AND NODEID='C003' AND SUBNODEID='10000021' AND KEYTYPE='01'
INSERT INTO IPS_KEY_MNG VALUES('1003','C003','10000021','01','DES','8','585A94B1F69616D7',NULL,NULL)
SET AUTOCOMMIT TRUE
DISCONNECT
/*C442*/SET SCHEMA PUBLIC
CONNECT USER SA
DISCONNECT
/*C443*/SET SCHEMA PUBLIC
CONNECT USER SA
DISCONNECT
/*C444*/SET SCHEMA PUBLIC
CONNECT USER SA
DISCONNECT
/*C445*/SET SCHEMA PUBLIC
CONNECT USER SA
DISCONNECT
/*C446*/SET SCHEMA PUBLIC
CONNECT USER SA
DISCONNECT
/*C447*/SET SCHEMA PUBLIC
CONNECT USER SA
INSERT INTO IPS_JNL_TODAY VALUES('20000002','20090724102536','0004','3','000','10','0820','160400','00012576','','00','00','000000','','','','00','00','000000','','','','10000021','','','','085216','20090720','','','','','','','','','','','','','0','0','0','1','1','121070',NULL,NULL,'','','','1','1','1','','2009','07','24')
DISCONNECT
/*C448*/SET SCHEMA PUBLIC
CONNECT USER SA
DISCONNECT
/*C449*/SET SCHEMA PUBLIC
CONNECT USER SA
DISCONNECT
/*C450*/SET SCHEMA PUBLIC
CONNECT USER SA
DISCONNECT
/*C451*/SET SCHEMA PUBLIC
CONNECT USER SA
SET AUTOCOMMIT FALSE
DELETE FROM IPS_KEY_MNG WHERE PLATFORMID='1003' AND NODEID='C003' AND SUBNODEID='10000021' AND KEYTYPE='01'
INSERT INTO IPS_KEY_MNG VALUES('1003','C003','10000021','01','DES','8','2BBB7B0295432974',NULL,NULL)
SET AUTOCOMMIT TRUE
DISCONNECT
/*C452*/SET SCHEMA PUBLIC
CONNECT USER SA
DISCONNECT
/*C453*/SET SCHEMA PUBLIC
CONNECT USER SA
DISCONNECT
/*C454*/SET SCHEMA PUBLIC
CONNECT USER SA
DISCONNECT
/*C455*/SET SCHEMA PUBLIC
CONNECT USER SA
DISCONNECT
/*C456*/SET SCHEMA PUBLIC
CONNECT USER SA
DISCONNECT
/*C457*/SET SCHEMA PUBLIC
CONNECT USER SA
INSERT INTO IPS_JNL_TODAY VALUES('20000003','20090724103019','0004','3','000','10','0820','160400','00012576','','00','00','000000','','','','00','00','000000','','','','10000021','','','','085216','20090720','','','','','','','','','','','','','0','0','0','1','1','121070',NULL,NULL,'','','','1','1','1','','2009','07','24')
DISCONNECT
/*C458*/SET SCHEMA PUBLIC
CONNECT USER SA
DISCONNECT
/*C459*/SET SCHEMA PUBLIC
CONNECT USER SA
DISCONNECT
/*C460*/SET SCHEMA PUBLIC
CONNECT USER SA
DISCONNECT
/*C461*/SET SCHEMA PUBLIC
CONNECT USER SA
SET AUTOCOMMIT FALSE
DELETE FROM IPS_KEY_MNG WHERE PLATFORMID='1003' AND NODEID='C003' AND SUBNODEID='10000021' AND KEYTYPE='01'
INSERT INTO IPS_KEY_MNG VALUES('1003','C003','10000021','01','DES','8','204822D7D9E35693',NULL,NULL)
SET AUTOCOMMIT TRUE
DISCONNECT
/*C462*/SET SCHEMA PUBLIC
CONNECT USER SA
DISCONNECT
/*C463*/SET SCHEMA PUBLIC
CONNECT USER SA
DISCONNECT
/*C464*/SET SCHEMA PUBLIC
CONNECT USER SA
DISCONNECT
/*C465*/SET SCHEMA PUBLIC
CONNECT USER SA
DELETE FROM IPS_JNL_TODAY WHERE "LOCALJNLNO"='20000001'
DELETE FROM IPS_JNL_TODAY WHERE "LOCALJNLNO"='20000002'
DELETE FROM IPS_JNL_TODAY WHERE "LOCALJNLNO"='20000003'
DISCONNECT
/*C466*/SET SCHEMA PUBLIC
CONNECT USER SA
DISCONNECT
/*C467*/SET SCHEMA PUBLIC
CONNECT USER SA
DISCONNECT
/*C468*/SET SCHEMA PUBLIC
CONNECT USER SA
DISCONNECT
/*C469*/SET SCHEMA PUBLIC
CONNECT USER SA
DISCONNECT
/*C470*/SET SCHEMA PUBLIC
CONNECT USER SA
DISCONNECT
/*C471*/SET SCHEMA PUBLIC
CONNECT USER SA
DISCONNECT
/*C472*/SET SCHEMA PUBLIC
CONNECT USER SA
DISCONNECT
/*C473*/SET SCHEMA PUBLIC
CONNECT USER SA
DISCONNECT
/*C474*/SET SCHEMA PUBLIC
CONNECT USER SA
DISCONNECT
/*C475*/SET SCHEMA PUBLIC
CONNECT USER SA
DISCONNECT
/*C476*/SET SCHEMA PUBLIC
CONNECT USER SA
DISCONNECT
/*C477*/SET SCHEMA PUBLIC
CONNECT USER SA
INSERT INTO IPS_JNL_TODAY VALUES('20000001','20090724104209','1001','1','000','10','0200','100100','00043316','','AT','H1','809810','','','','00','00','000000','','','','10000021','6210210031700008170','','','163730','20090219','','','156','021','02','6210210031700008170=49121200290000','96210210031700008170=1561560500000000000000000000000000049120=000000000000=000000000000=000000000000000','','','','','','0','0','0','1','1','121070',NULL,NULL,'0000','','','1','1','1','','2009','07','24')
DISCONNECT
/*C478*/SET SCHEMA PUBLIC
CONNECT USER SA
DISCONNECT
/*C479*/SET SCHEMA PUBLIC
CONNECT USER SA
DISCONNECT
/*C480*/SET SCHEMA PUBLIC
CONNECT USER SA
DISCONNECT
/*C481*/SET SCHEMA PUBLIC
CONNECT USER SA
DISCONNECT
/*C482*/SET SCHEMA PUBLIC
CONNECT USER SA
DELETE FROM IPS_JNL_TODAY WHERE "LOCALJNLNO"='20000001'
DISCONNECT
/*C483*/SET SCHEMA PUBLIC
CONNECT USER SA
DISCONNECT
/*C484*/SET SCHEMA PUBLIC
CONNECT USER SA
DISCONNECT
/*C485*/SET SCHEMA PUBLIC
CONNECT USER SA
DISCONNECT
/*C486*/SET SCHEMA PUBLIC
CONNECT USER SA
DISCONNECT
/*C487*/SET SCHEMA PUBLIC
CONNECT USER SA
DISCONNECT
/*C488*/SET SCHEMA PUBLIC
CONNECT USER SA
DISCONNECT
/*C489*/SET SCHEMA PUBLIC
CONNECT USER SA
DISCONNECT
/*C490*/SET SCHEMA PUBLIC
CONNECT USER SA
DISCONNECT
/*C491*/SET SCHEMA PUBLIC
CONNECT USER SA
DISCONNECT
/*C492*/SET SCHEMA PUBLIC
CONNECT USER SA
DISCONNECT
/*C493*/SET SCHEMA PUBLIC
CONNECT USER SA
DISCONNECT
/*C494*/SET SCHEMA PUBLIC
CONNECT USER SA
INSERT INTO IPS_JNL_TODAY VALUES('20000001','20090724104803','1001','1','000','10','0200','100100','00043316','','AT','H1','809810','','','','00','00','000000','','','','10000021','6210210031700008170','','','163730','20090219','','','156','021','02','6210210031700008170=49121200290000','96210210031700008170=1561560500000000000000000000000000049120=000000000000=000000000000=000000000000000','','','','','','0','0','0','1','1','121070',NULL,NULL,'0000','','','1','1','1','','2009','07','24')
DISCONNECT
/*C495*/SET SCHEMA PUBLIC
CONNECT USER SA
DISCONNECT
/*C496*/SET SCHEMA PUBLIC
CONNECT USER SA
DISCONNECT
/*C497*/SET SCHEMA PUBLIC
CONNECT USER SA
DELETE FROM IPS_JNL_TODAY WHERE "LOCALJNLNO"='20000001'
DISCONNECT
/*C498*/SET SCHEMA PUBLIC
CONNECT USER SA
DISCONNECT
/*C499*/SET SCHEMA PUBLIC
CONNECT USER SA
DISCONNECT
/*C500*/SET SCHEMA PUBLIC
CONNECT USER SA
DISCONNECT
/*C501*/SET SCHEMA PUBLIC
CONNECT USER SA
DISCONNECT
/*C502*/SET SCHEMA PUBLIC
CONNECT USER SA
DISCONNECT
/*C503*/SET SCHEMA PUBLIC
CONNECT USER SA
DISCONNECT
/*C504*/SET SCHEMA PUBLIC
CONNECT USER SA
DISCONNECT
/*C505*/SET SCHEMA PUBLIC
CONNECT USER SA
DISCONNECT
/*C506*/SET SCHEMA PUBLIC
CONNECT USER SA
DISCONNECT
/*C507*/SET SCHEMA PUBLIC
CONNECT USER SA
DISCONNECT
/*C508*/SET SCHEMA PUBLIC
CONNECT USER SA
DISCONNECT
/*C509*/SET SCHEMA PUBLIC
CONNECT USER SA
INSERT INTO IPS_JNL_TODAY VALUES('20000001','20090724104939','1001','1','000','10','0200','100100','00043316','','AT','H1','809810','','','','00','00','000000','','','','10000021','6210210031700008170','','','163730','20090219','','','156','021','02','6210210031700008170=49121200290000','96210210031700008170=1561560500000000000000000000000000049120=000000000000=000000000000=000000000000000','','','','','','0','0','0','1','1','121070',NULL,NULL,'0000','','','1','1','1','','2009','07','24')
DISCONNECT
/*C510*/SET SCHEMA PUBLIC
CONNECT USER SA
DISCONNECT
/*C511*/SET SCHEMA PUBLIC
CONNECT USER SA
DISCONNECT
/*C512*/SET SCHEMA PUBLIC
CONNECT USER SA
DISCONNECT
/*C513*/SET SCHEMA PUBLIC
CONNECT USER SA
DISCONNECT
/*C514*/SET SCHEMA PUBLIC
CONNECT USER SA
INSERT INTO IPS_JNL_TODAY VALUES('20000002','20090724105007','1001','1','000','10','0200','100100','00043316','','AT','H1','809810','','','','00','00','000000','','','','10000021','6210210031700008170','','','163730','20090219','','','156','021','02','6210210031700008170=49121200290000','96210210031700008170=1561560500000000000000000000000000049120=000000000000=000000000000=000000000000000','','','','','','0','0','0','1','1','121070',NULL,NULL,'0000','','','1','1','1','','2009','07','24')
DISCONNECT
/*C515*/SET SCHEMA PUBLIC
CONNECT USER SA
DISCONNECT
/*C516*/SET SCHEMA PUBLIC
CONNECT USER SA
DISCONNECT
/*C517*/SET SCHEMA PUBLIC
CONNECT USER SA
/*C518*/SET SCHEMA PUBLIC
CONNECT USER SA
DELETE FROM IPS_JNL_TODAY WHERE "LOCALJNLNO"='20000001'
DELETE FROM IPS_JNL_TODAY WHERE "LOCALJNLNO"='20000002'
DISCONNECT
/*C519*/SET SCHEMA PUBLIC
CONNECT USER SA
DISCONNECT
/*C520*/SET SCHEMA PUBLIC
CONNECT USER SA
DISCONNECT
/*C521*/SET SCHEMA PUBLIC
CONNECT USER SA
DISCONNECT
/*C522*/SET SCHEMA PUBLIC
CONNECT USER SA
DISCONNECT
/*C523*/SET SCHEMA PUBLIC
CONNECT USER SA
DISCONNECT
/*C524*/SET SCHEMA PUBLIC
CONNECT USER SA
DISCONNECT
/*C525*/SET SCHEMA PUBLIC
CONNECT USER SA
DISCONNECT
/*C526*/SET SCHEMA PUBLIC
CONNECT USER SA
DISCONNECT
/*C527*/SET SCHEMA PUBLIC
CONNECT USER SA
DISCONNECT
/*C528*/SET SCHEMA PUBLIC
CONNECT USER SA
DISCONNECT
/*C529*/SET SCHEMA PUBLIC
CONNECT USER SA
DISCONNECT
/*C530*/SET SCHEMA PUBLIC
CONNECT USER SA
INSERT INTO IPS_JNL_TODAY VALUES('20000001','20090724164602','1001','1','000','10','0200','100100','00043316','','AT','H1','809810','','','','00','00','000000','','','','10000021','6210210031700008170','','','163730','20090219','','','156','021','02','6210210031700008170=49121200290000','96210210031700008170=1561560500000000000000000000000000049120=000000000000=000000000000=000000000000000','','','','','','0','0','0','1','1','121070',NULL,NULL,'0000','','','1','1','1','','2009','07','24')
DISCONNECT
/*C531*/SET SCHEMA PUBLIC
CONNECT USER SA
DISCONNECT
/*C532*/SET SCHEMA PUBLIC
CONNECT USER SA
DISCONNECT
/*C533*/SET SCHEMA PUBLIC
CONNECT USER SA
DISCONNECT
/*C534*/SET SCHEMA PUBLIC
CONNECT USER SA
DISCONNECT
/*C535*/SET SCHEMA PUBLIC
CONNECT USER SA
INSERT INTO IPS_JNL_TODAY VALUES('20000002','20090724164607','1001','1','000','10','0200','100100','00043316','','AT','H1','809810','','','','00','00','000000','','','','10000021','6210210031700008170','','','163730','20090219','','','156','021','02','6210210031700008170=49121200290000','96210210031700008170=1561560500000000000000000000000000049120=000000000000=000000000000=000000000000000','','','','','','0','0','0','1','1','121070',NULL,NULL,'0000','','','1','1','1','','2009','07','24')
DISCONNECT
/*C536*/SET SCHEMA PUBLIC
CONNECT USER SA
DISCONNECT
/*C537*/SET SCHEMA PUBLIC
CONNECT USER SA
DISCONNECT
